<?xml version="1.0" encoding="UTF-8"?>
<!-- Generated by org.testng.reporters.JUnitXMLReporter -->
<testsuite ignored="0" hostname="DESKTOP-U9KORCU" failures="0" tests="4" name="Default test" time="35.612" errors="0" timestamp="2024-02-01T17:57:30 IST">
  <testcase classname="com.aut.qa.testcases.CheckOut_Test" name="VerifyEnterDatails" time="5.365"/>
  <testcase classname="com.aut.qa.testcases.CheckOut_Test" name="VerifyEnterDatails" time="5.343"/>
  <testcase classname="com.aut.qa.testcases.CheckOut_Test" name="VerifyEnterDatails" time="5.36"/>
  <testcase classname="com.aut.qa.testcases.CheckOut_Test" name="VerifyEnterDatails" time="5.341"/>
</testsuite> <!-- Default test -->
