<?xml version="1.0" encoding="UTF-8"?>
<!-- Generated by org.testng.reporters.JUnitXMLReporter -->
<testsuite ignored="0" hostname="DESKTOP-U9KORCU" failures="0" tests="11" name="Test" time="55.596" errors="0" timestamp="2024-02-01T18:03:23 IST">
  <testcase classname="com.aut.qa.testcases.HomePageTest" name="ValidateHeading" time="0.08"/>
  <testcase classname="com.aut.qa.testcases.HomePageTest" name="verifyisBackPaeAddToCartButtonDisplayed" time="0.086"/>
  <testcase classname="com.aut.qa.testcases.HomePageTest" name="verifyItemAddedIntoCart" time="0.174"/>
  <testcase classname="com.aut.qa.testcases.loginPageTest" name="ValidateLogibPageTitile" time="0.02"/>
  <testcase classname="com.aut.qa.testcases.loginPageTest" name="validatelogin" time="0.42"/>
  <testcase classname="com.aut.qa.testcases.CheckOut_Test" name="VerifyEnterDatails" time="5.333"/>
  <testcase classname="com.aut.qa.testcases.CheckOut_Test" name="VerifyEnterDatails" time="5.408"/>
  <testcase classname="com.aut.qa.testcases.CheckOut_Test" name="VerifyEnterDatails" time="5.359"/>
  <testcase classname="com.aut.qa.testcases.CheckOut_Test" name="VerifyEnterDatails" time="5.328"/>
  <testcase classname="com.aut.qa.testcases.YourCartPage" name="verifyHeading" time="0.033"/>
  <testcase classname="com.aut.qa.testcases.YourCartPage" name="verifycheckoutBTNisdisplayed" time="0.042"/>
</testsuite> <!-- Test -->
